<?xml version="1.0" encoding="UTF-8"?>
<testng-results ignored="0" total="1" passed="1" failed="0" skipped="0">
  <reporter-output>
  </reporter-output>
  <suite started-at="2020-07-27T14:56:12Z" name="Default suite" finished-at="2020-07-27T14:56:12Z" duration-ms="20">
    <groups>
    </groups>
    <test started-at="2020-07-27T14:56:12Z" name="Default test" finished-at="2020-07-27T14:56:12Z" duration-ms="20">
      <class name="com.crm.qa.testcases.Section3">
        <test-method signature="main()[pri:0, instance:com.crm.qa.testcases.Section3@1de5f259]" started-at="2020-07-27T20:26:12Z" name="main" finished-at="2020-07-27T20:26:12Z" duration-ms="8" status="PASS">
          <reporter-output>
          </reporter-output>
        </test-method> <!-- main -->
      </class> <!-- com.crm.qa.testcases.Section3 -->
    </test> <!-- Default test -->
  </suite> <!-- Default suite -->
</testng-results>
